<?xml version="1.0" encoding="UTF-8"?>
<!-- Generated by org.testng.reporters.JUnitXMLReporter -->
<testsuite ignored="0" hostname="Abhi" failures="0" tests="4" name="Default test" time="9.577" errors="0" timestamp="2023-03-25T15:50:35 IST">
  <testcase classname="api.tests.UserTests" name="testPostUser" time="3.575"/>
  <testcase classname="api.tests.UserTests" name="testGetUserByName" time="1.243"/>
  <testcase classname="api.tests.UserTests" name="testUpdateUserByName" time="3.12"/>
  <testcase classname="api.tests.UserTests" name="testDeleteUserByName" time="1.317"/>
</testsuite> <!-- Default test -->
