<?xml version="1.0" encoding="UTF-8"?>
<testng-results ignored="0" total="8" passed="8" failed="0" skipped="0">
  <reporter-output>
  </reporter-output>
  <suite started-at="2023-03-27T12:07:32 IST" name="PetSuite" finished-at="2023-03-27T12:07:49 IST" duration-ms="16699">
    <groups>
    </groups>
    <test started-at="2023-03-27T12:07:32 IST" name="PetTest" finished-at="2023-03-27T12:07:49 IST" duration-ms="16699">
      <class name="api.tests.UserTests">
        <test-method is-config="true" signature="setup()[pri:0, instance:api.tests.UserTests@72057ecf]" started-at="2023-03-27T12:07:32 IST" name="setup" finished-at="2023-03-27T12:07:33 IST" duration-ms="902" status="PASS">
          <reporter-output>
          </reporter-output>
        </test-method> <!-- setup -->
        <test-method signature="testPostUser()[pri:1, instance:api.tests.UserTests@72057ecf]" started-at="2023-03-27T12:07:33 IST" name="testPostUser" finished-at="2023-03-27T12:07:36 IST" duration-ms="3383" status="PASS">
          <reporter-output>
          </reporter-output>
        </test-method> <!-- testPostUser -->
        <test-method signature="testGetUserByName()[pri:2, instance:api.tests.UserTests@72057ecf]" started-at="2023-03-27T12:07:36 IST" name="testGetUserByName" finished-at="2023-03-27T12:07:38 IST" duration-ms="1447" status="PASS">
          <reporter-output>
          </reporter-output>
        </test-method> <!-- testGetUserByName -->
        <test-method signature="testUpdateUserByName()[pri:3, instance:api.tests.UserTests@72057ecf]" started-at="2023-03-27T12:07:38 IST" name="testUpdateUserByName" finished-at="2023-03-27T12:07:40 IST" duration-ms="2465" status="PASS">
          <reporter-output>
          </reporter-output>
        </test-method> <!-- testUpdateUserByName -->
        <test-method signature="testDeleteUserByName()[pri:4, instance:api.tests.UserTests@72057ecf]" started-at="2023-03-27T12:07:40 IST" name="testDeleteUserByName" finished-at="2023-03-27T12:07:42 IST" duration-ms="1312" status="PASS">
          <reporter-output>
          </reporter-output>
        </test-method> <!-- testDeleteUserByName -->
      </class> <!-- api.tests.UserTests -->
      <class name="api.tests.UserTests_fromProperties">
        <test-method is-config="true" signature="setup()[pri:0, instance:api.tests.UserTests_fromProperties@6e171cd7]" started-at="2023-03-27T12:07:42 IST" name="setup" finished-at="2023-03-27T12:07:42 IST" duration-ms="107" status="PASS">
          <reporter-output>
          </reporter-output>
        </test-method> <!-- setup -->
        <test-method signature="testPostUser()[pri:1, instance:api.tests.UserTests_fromProperties@6e171cd7]" started-at="2023-03-27T12:07:42 IST" name="testPostUser" finished-at="2023-03-27T12:07:43 IST" duration-ms="1231" status="PASS">
          <reporter-output>
          </reporter-output>
        </test-method> <!-- testPostUser -->
        <test-method signature="testGetUserByName()[pri:2, instance:api.tests.UserTests_fromProperties@6e171cd7]" started-at="2023-03-27T12:07:43 IST" name="testGetUserByName" finished-at="2023-03-27T12:07:45 IST" duration-ms="1559" status="PASS">
          <reporter-output>
          </reporter-output>
        </test-method> <!-- testGetUserByName -->
        <test-method signature="testUpdateUserByName()[pri:3, instance:api.tests.UserTests_fromProperties@6e171cd7]" started-at="2023-03-27T12:07:45 IST" name="testUpdateUserByName" finished-at="2023-03-27T12:07:47 IST" duration-ms="2774" status="PASS">
          <reporter-output>
          </reporter-output>
        </test-method> <!-- testUpdateUserByName -->
        <test-method signature="testDeleteUserByName()[pri:4, instance:api.tests.UserTests_fromProperties@6e171cd7]" started-at="2023-03-27T12:07:47 IST" name="testDeleteUserByName" finished-at="2023-03-27T12:07:49 IST" duration-ms="1232" status="PASS">
          <reporter-output>
          </reporter-output>
        </test-method> <!-- testDeleteUserByName -->
      </class> <!-- api.tests.UserTests_fromProperties -->
    </test> <!-- PetTest -->
  </suite> <!-- PetSuite -->
</testng-results>
