<?xml version="1.0" encoding="UTF-8"?>
<testng-results ignored="0" total="8" passed="8" failed="0" skipped="0">
  <reporter-output>
  </reporter-output>
  <suite started-at="2023-03-26T18:57:53 IST" name="PetSuite" finished-at="2023-03-26T18:58:09 IST" duration-ms="16330">
    <groups>
    </groups>
    <test started-at="2023-03-26T18:57:53 IST" name="PetTest" finished-at="2023-03-26T18:58:09 IST" duration-ms="16330">
      <class name="api.tests.UserTests">
        <test-method is-config="true" signature="setup()[pri:0, instance:api.tests.UserTests@59505b48]" started-at="2023-03-26T18:57:53 IST" name="setup" finished-at="2023-03-26T18:57:54 IST" duration-ms="767" status="PASS">
          <reporter-output>
          </reporter-output>
        </test-method> <!-- setup -->
        <test-method signature="testPostUser()[pri:1, instance:api.tests.UserTests@59505b48]" started-at="2023-03-26T18:57:54 IST" name="testPostUser" finished-at="2023-03-26T18:57:57 IST" duration-ms="3581" status="PASS">
          <reporter-output>
          </reporter-output>
        </test-method> <!-- testPostUser -->
        <test-method signature="testGetUserByName()[pri:2, instance:api.tests.UserTests@59505b48]" started-at="2023-03-26T18:57:57 IST" name="testGetUserByName" finished-at="2023-03-26T18:57:59 IST" duration-ms="1293" status="PASS">
          <reporter-output>
          </reporter-output>
        </test-method> <!-- testGetUserByName -->
        <test-method signature="testUpdateUserByName()[pri:3, instance:api.tests.UserTests@59505b48]" started-at="2023-03-26T18:57:59 IST" name="testUpdateUserByName" finished-at="2023-03-26T18:58:01 IST" duration-ms="2653" status="PASS">
          <reporter-output>
          </reporter-output>
        </test-method> <!-- testUpdateUserByName -->
        <test-method signature="testDeleteUserByName()[pri:4, instance:api.tests.UserTests@59505b48]" started-at="2023-03-26T18:58:01 IST" name="testDeleteUserByName" finished-at="2023-03-26T18:58:03 IST" duration-ms="1373" status="PASS">
          <reporter-output>
          </reporter-output>
        </test-method> <!-- testDeleteUserByName -->
      </class> <!-- api.tests.UserTests -->
      <class name="api.tests.UserTests_fromProperties">
        <test-method is-config="true" signature="setup()[pri:0, instance:api.tests.UserTests_fromProperties@54e1c68b]" started-at="2023-03-26T18:58:03 IST" name="setup" finished-at="2023-03-26T18:58:03 IST" duration-ms="114" status="PASS">
          <reporter-output>
          </reporter-output>
        </test-method> <!-- setup -->
        <test-method signature="testPostUser()[pri:1, instance:api.tests.UserTests_fromProperties@54e1c68b]" started-at="2023-03-26T18:58:03 IST" name="testPostUser" finished-at="2023-03-26T18:58:04 IST" duration-ms="1203" status="PASS">
          <reporter-output>
          </reporter-output>
        </test-method> <!-- testPostUser -->
        <test-method signature="testGetUserByName()[pri:2, instance:api.tests.UserTests_fromProperties@54e1c68b]" started-at="2023-03-26T18:58:04 IST" name="testGetUserByName" finished-at="2023-03-26T18:58:05 IST" duration-ms="1167" status="PASS">
          <reporter-output>
          </reporter-output>
        </test-method> <!-- testGetUserByName -->
        <test-method signature="testUpdateUserByName()[pri:3, instance:api.tests.UserTests_fromProperties@54e1c68b]" started-at="2023-03-26T18:58:05 IST" name="testUpdateUserByName" finished-at="2023-03-26T18:58:08 IST" duration-ms="2619" status="PASS">
          <reporter-output>
          </reporter-output>
        </test-method> <!-- testUpdateUserByName -->
        <test-method signature="testDeleteUserByName()[pri:4, instance:api.tests.UserTests_fromProperties@54e1c68b]" started-at="2023-03-26T18:58:08 IST" name="testDeleteUserByName" finished-at="2023-03-26T18:58:09 IST" duration-ms="1196" status="PASS">
          <reporter-output>
          </reporter-output>
        </test-method> <!-- testDeleteUserByName -->
      </class> <!-- api.tests.UserTests_fromProperties -->
    </test> <!-- PetTest -->
  </suite> <!-- PetSuite -->
</testng-results>
