<?xml version="1.0" encoding="UTF-8"?>
<!-- Generated by org.testng.reporters.JUnitXMLReporter -->
<testsuite ignored="0" hostname="Abhi" failures="0" tests="8" name="PetTest" time="16.699" errors="0" timestamp="2023-03-27T12:07:49 IST">
  <testcase classname="api.tests.UserTests" name="testPostUser" time="3.383"/>
  <testcase classname="api.tests.UserTests" name="testGetUserByName" time="1.447"/>
  <testcase classname="api.tests.UserTests" name="testUpdateUserByName" time="2.465"/>
  <testcase classname="api.tests.UserTests" name="testDeleteUserByName" time="1.312"/>
  <testcase classname="api.tests.UserTests_fromProperties" name="testPostUser" time="1.231"/>
  <testcase classname="api.tests.UserTests_fromProperties" name="testGetUserByName" time="1.559"/>
  <testcase classname="api.tests.UserTests_fromProperties" name="testUpdateUserByName" time="2.774"/>
  <testcase classname="api.tests.UserTests_fromProperties" name="testDeleteUserByName" time="1.232"/>
</testsuite> <!-- PetTest -->
