<?xml version="1.0" encoding="UTF-8"?>
<!-- Generated by org.testng.reporters.JUnitXMLReporter -->
<testsuite ignored="0" hostname="Abhi" failures="0" tests="8" name="PetTest" time="16.33" errors="0" timestamp="2023-03-26T18:58:09 IST">
  <testcase classname="api.tests.UserTests" name="testPostUser" time="3.581"/>
  <testcase classname="api.tests.UserTests" name="testGetUserByName" time="1.293"/>
  <testcase classname="api.tests.UserTests" name="testUpdateUserByName" time="2.653"/>
  <testcase classname="api.tests.UserTests" name="testDeleteUserByName" time="1.373"/>
  <testcase classname="api.tests.UserTests_fromProperties" name="testPostUser" time="1.203"/>
  <testcase classname="api.tests.UserTests_fromProperties" name="testGetUserByName" time="1.167"/>
  <testcase classname="api.tests.UserTests_fromProperties" name="testUpdateUserByName" time="2.619"/>
  <testcase classname="api.tests.UserTests_fromProperties" name="testDeleteUserByName" time="1.196"/>
</testsuite> <!-- PetTest -->
